23-May-2023 19:37:13.710 严重 [main] org.apache.catalina.startup.Catalina.stopServer 无法联系[localhost:8006]（基端口[8006]和偏移量[0]）。Tomcat可能不在运行。
23-May-2023 19:37:13.729 严重 [main] org.apache.catalina.startup.Catalina.stopServer 停止 Catalina 时出错
	java.net.ConnectException: Connection refused: connect
		at java.net.DualStackPlainSocketImpl.connect0(Native Method)
		at java.net.DualStackPlainSocketImpl.socketConnect(Unknown Source)
		at java.net.AbstractPlainSocketImpl.doConnect(Unknown Source)
		at java.net.AbstractPlainSocketImpl.connectToAddress(Unknown Source)
		at java.net.AbstractPlainSocketImpl.connect(Unknown Source)
		at java.net.PlainSocketImpl.connect(Unknown Source)
		at java.net.SocksSocketImpl.connect(Unknown Source)
		at java.net.Socket.connect(Unknown Source)
		at java.net.Socket.connect(Unknown Source)
		at java.net.Socket.<init>(Unknown Source)
		at java.net.Socket.<init>(Unknown Source)
		at org.apache.catalina.startup.Catalina.stopServer(Catalina.java:667)
		at sun.reflect.NativeMethodAccessorImpl.invoke0(Native Method)
		at sun.reflect.NativeMethodAccessorImpl.invoke(Unknown Source)
		at sun.reflect.DelegatingMethodAccessorImpl.invoke(Unknown Source)
		at java.lang.reflect.Method.invoke(Unknown Source)
		at org.apache.catalina.startup.Bootstrap.stopServer(Bootstrap.java:393)
		at org.apache.catalina.startup.Bootstrap.main(Bootstrap.java:483)
23-May-2023 19:37:24.117 信息 [main] org.apache.catalina.startup.VersionLoggerListener.log Server.服务器版本: Apache Tomcat/9.0.73
23-May-2023 19:37:24.124 信息 [main] org.apache.catalina.startup.VersionLoggerListener.log 服务器构建:        Feb 27 2023 15:33:40 UTC
23-May-2023 19:37:24.124 信息 [main] org.apache.catalina.startup.VersionLoggerListener.log 服务器版本号:      9.0.73.0
23-May-2023 19:37:24.125 信息 [main] org.apache.catalina.startup.VersionLoggerListener.log 操作系统名称:      Windows 10
23-May-2023 19:37:24.125 信息 [main] org.apache.catalina.startup.VersionLoggerListener.log OS.版本:           10.0
23-May-2023 19:37:24.125 信息 [main] org.apache.catalina.startup.VersionLoggerListener.log 架构:              amd64
23-May-2023 19:37:24.125 信息 [main] org.apache.catalina.startup.VersionLoggerListener.log Java 环境变量:     C:\Program Files\Java\jre1.8.0_333
23-May-2023 19:37:24.125 信息 [main] org.apache.catalina.startup.VersionLoggerListener.log Java虚拟机版本:    1.8.0_333-b02
23-May-2023 19:37:24.126 信息 [main] org.apache.catalina.startup.VersionLoggerListener.log JVM.供应商:        Oracle Corporation
23-May-2023 19:37:24.126 信息 [main] org.apache.catalina.startup.VersionLoggerListener.log CATALINA_BASE:     C:\Users\80793\Desktop\mvc\springmvcResp\FileUploadServer
23-May-2023 19:37:24.126 信息 [main] org.apache.catalina.startup.VersionLoggerListener.log CATALINA_HOME:     C:\Users\80793\Desktop\mvc\springmvcResp\FileUploadServer
23-May-2023 19:37:24.127 信息 [main] org.apache.catalina.startup.VersionLoggerListener.log 命令行参数：       -Djava.util.logging.config.file=C:\Users\80793\Desktop\mvc\springmvcResp\FileUploadServer\conf\logging.properties
23-May-2023 19:37:24.127 信息 [main] org.apache.catalina.startup.VersionLoggerListener.log 命令行参数：       -Djava.util.logging.manager=org.apache.juli.ClassLoaderLogManager
23-May-2023 19:37:24.127 信息 [main] org.apache.catalina.startup.VersionLoggerListener.log 命令行参数：       -Djdk.tls.ephemeralDHKeySize=2048
23-May-2023 19:37:24.127 信息 [main] org.apache.catalina.startup.VersionLoggerListener.log 命令行参数：       -Djava.protocol.handler.pkgs=org.apache.catalina.webresources
23-May-2023 19:37:24.131 信息 [main] org.apache.catalina.startup.VersionLoggerListener.log 命令行参数：       -Dignore.endorsed.dirs=
23-May-2023 19:37:24.131 信息 [main] org.apache.catalina.startup.VersionLoggerListener.log 命令行参数：       -Dcatalina.base=C:\Users\80793\Desktop\mvc\springmvcResp\FileUploadServer
23-May-2023 19:37:24.132 信息 [main] org.apache.catalina.startup.VersionLoggerListener.log 命令行参数：       -Dcatalina.home=C:\Users\80793\Desktop\mvc\springmvcResp\FileUploadServer
23-May-2023 19:37:24.133 信息 [main] org.apache.catalina.startup.VersionLoggerListener.log 命令行参数：       -Djava.io.tmpdir=C:\Users\80793\Desktop\mvc\springmvcResp\FileUploadServer\temp
23-May-2023 19:37:24.136 信息 [main] org.apache.catalina.core.AprLifecycleListener.lifecycleEvent 使用APR版本[1.7.2]加载了基于APR的Apache Tomcat本机库[1.2.36]。
23-May-2023 19:37:24.150 信息 [main] org.apache.catalina.core.AprLifecycleListener.lifecycleEvent APR功能：IPv6[true]、sendfile[true]、accept filters[false]、random[true]、UDS [true]。
23-May-2023 19:37:24.152 信息 [main] org.apache.catalina.core.AprLifecycleListener.lifecycleEvent APR/OpenSSL配置：useAprConnector[false]，useOpenSSL[true]
23-May-2023 19:37:24.159 信息 [main] org.apache.catalina.core.AprLifecycleListener.initializeSSL OpenSSL成功初始化 [OpenSSL 1.1.1t  7 Feb 2023]
23-May-2023 19:37:24.477 信息 [main] org.apache.coyote.AbstractProtocol.init 初始化协议处理器 ["http-nio-8888"]
23-May-2023 19:37:24.501 信息 [main] org.apache.catalina.startup.Catalina.load 服务器在[598]毫秒内初始化
23-May-2023 19:37:24.537 信息 [main] org.apache.catalina.core.StandardService.startInternal 正在启动服务[Catalina]
23-May-2023 19:37:24.538 信息 [main] org.apache.catalina.core.StandardEngine.startInternal 正在启动 Servlet 引擎：[Apache Tomcat/9.0.73]
23-May-2023 19:37:24.551 信息 [main] org.apache.catalina.startup.HostConfig.deployDirectory 把web 应用程序部署到目录 [C:\Users\80793\Desktop\mvc\springmvcResp\FileUploadServer\webapps\docs]
23-May-2023 19:37:24.931 警告 [main] org.apache.catalina.util.SessionIdGeneratorBase.createSecureRandom 使用[SHA1PRNG]创建会话ID生成的SecureRandom实例花费了[153]毫秒。
23-May-2023 19:37:24.962 信息 [main] org.apache.catalina.startup.HostConfig.deployDirectory Web应用程序目录[C:\Users\80793\Desktop\mvc\springmvcResp\FileUploadServer\webapps\docs]的部署已在[411]毫秒内完成
23-May-2023 19:37:24.963 信息 [main] org.apache.catalina.startup.HostConfig.deployDirectory 把web 应用程序部署到目录 [C:\Users\80793\Desktop\mvc\springmvcResp\FileUploadServer\webapps\examples]
23-May-2023 19:37:25.293 信息 [main] org.apache.catalina.startup.HostConfig.deployDirectory Web应用程序目录[C:\Users\80793\Desktop\mvc\springmvcResp\FileUploadServer\webapps\examples]的部署已在[330]毫秒内完成
23-May-2023 19:37:25.301 信息 [main] org.apache.catalina.startup.HostConfig.deployDirectory 把web 应用程序部署到目录 [C:\Users\80793\Desktop\mvc\springmvcResp\FileUploadServer\webapps\host-manager]
23-May-2023 19:37:25.333 信息 [main] org.apache.catalina.startup.HostConfig.deployDirectory Web应用程序目录[C:\Users\80793\Desktop\mvc\springmvcResp\FileUploadServer\webapps\host-manager]的部署已在[32]毫秒内完成
23-May-2023 19:37:25.334 信息 [main] org.apache.catalina.startup.HostConfig.deployDirectory 把web 应用程序部署到目录 [C:\Users\80793\Desktop\mvc\springmvcResp\FileUploadServer\webapps\manager]
23-May-2023 19:37:25.362 信息 [main] org.apache.catalina.startup.HostConfig.deployDirectory Web应用程序目录[C:\Users\80793\Desktop\mvc\springmvcResp\FileUploadServer\webapps\manager]的部署已在[29]毫秒内完成
23-May-2023 19:37:25.370 信息 [main] org.apache.catalina.startup.HostConfig.deployDirectory 把web 应用程序部署到目录 [C:\Users\80793\Desktop\mvc\springmvcResp\FileUploadServer\webapps\ROOT]
23-May-2023 19:37:25.393 信息 [main] org.apache.catalina.startup.HostConfig.deployDirectory Web应用程序目录[C:\Users\80793\Desktop\mvc\springmvcResp\FileUploadServer\webapps\ROOT]的部署已在[23]毫秒内完成
23-May-2023 19:37:25.394 信息 [main] org.apache.catalina.startup.HostConfig.deployDirectory 把web 应用程序部署到目录 [C:\Users\80793\Desktop\mvc\springmvcResp\FileUploadServer\webapps\upload]
23-May-2023 19:37:25.419 信息 [main] org.apache.catalina.startup.HostConfig.deployDirectory Web应用程序目录[C:\Users\80793\Desktop\mvc\springmvcResp\FileUploadServer\webapps\upload]的部署已在[25]毫秒内完成
23-May-2023 19:37:25.423 信息 [main] org.apache.coyote.AbstractProtocol.start 开始协议处理句柄["http-nio-8888"]
23-May-2023 19:37:25.437 信息 [main] org.apache.catalina.startup.Catalina.start [935]毫秒后服务器启动
23-May-2023 19:49:47.848 信息 [main] org.apache.catalina.startup.VersionLoggerListener.log Server.服务器版本: Apache Tomcat/9.0.73
23-May-2023 19:49:47.854 信息 [main] org.apache.catalina.startup.VersionLoggerListener.log 服务器构建:        Feb 27 2023 15:33:40 UTC
23-May-2023 19:49:47.855 信息 [main] org.apache.catalina.startup.VersionLoggerListener.log 服务器版本号:      9.0.73.0
23-May-2023 19:49:47.855 信息 [main] org.apache.catalina.startup.VersionLoggerListener.log 操作系统名称:      Windows 10
23-May-2023 19:49:47.855 信息 [main] org.apache.catalina.startup.VersionLoggerListener.log OS.版本:           10.0
23-May-2023 19:49:47.855 信息 [main] org.apache.catalina.startup.VersionLoggerListener.log 架构:              amd64
23-May-2023 19:49:47.856 信息 [main] org.apache.catalina.startup.VersionLoggerListener.log Java 环境变量:     C:\Program Files\Java\jre1.8.0_333
23-May-2023 19:49:47.856 信息 [main] org.apache.catalina.startup.VersionLoggerListener.log Java虚拟机版本:    1.8.0_333-b02
23-May-2023 19:49:47.856 信息 [main] org.apache.catalina.startup.VersionLoggerListener.log JVM.供应商:        Oracle Corporation
23-May-2023 19:49:47.856 信息 [main] org.apache.catalina.startup.VersionLoggerListener.log CATALINA_BASE:     C:\Users\80793\Desktop\mvc\springmvcResp\FileUploadServer
23-May-2023 19:49:47.856 信息 [main] org.apache.catalina.startup.VersionLoggerListener.log CATALINA_HOME:     C:\Users\80793\Desktop\mvc\springmvcResp\FileUploadServer
23-May-2023 19:49:47.857 信息 [main] org.apache.catalina.startup.VersionLoggerListener.log 命令行参数：       -Djava.util.logging.config.file=C:\Users\80793\Desktop\mvc\springmvcResp\FileUploadServer\conf\logging.properties
23-May-2023 19:49:47.857 信息 [main] org.apache.catalina.startup.VersionLoggerListener.log 命令行参数：       -Djava.util.logging.manager=org.apache.juli.ClassLoaderLogManager
23-May-2023 19:49:47.857 信息 [main] org.apache.catalina.startup.VersionLoggerListener.log 命令行参数：       -Djdk.tls.ephemeralDHKeySize=2048
23-May-2023 19:49:47.858 信息 [main] org.apache.catalina.startup.VersionLoggerListener.log 命令行参数：       -Djava.protocol.handler.pkgs=org.apache.catalina.webresources
23-May-2023 19:49:47.861 信息 [main] org.apache.catalina.startup.VersionLoggerListener.log 命令行参数：       -Dignore.endorsed.dirs=
23-May-2023 19:49:47.862 信息 [main] org.apache.catalina.startup.VersionLoggerListener.log 命令行参数：       -Dcatalina.base=C:\Users\80793\Desktop\mvc\springmvcResp\FileUploadServer
23-May-2023 19:49:47.862 信息 [main] org.apache.catalina.startup.VersionLoggerListener.log 命令行参数：       -Dcatalina.home=C:\Users\80793\Desktop\mvc\springmvcResp\FileUploadServer
23-May-2023 19:49:47.863 信息 [main] org.apache.catalina.startup.VersionLoggerListener.log 命令行参数：       -Djava.io.tmpdir=C:\Users\80793\Desktop\mvc\springmvcResp\FileUploadServer\temp
23-May-2023 19:49:47.869 信息 [main] org.apache.catalina.core.AprLifecycleListener.lifecycleEvent 使用APR版本[1.7.2]加载了基于APR的Apache Tomcat本机库[1.2.36]。
23-May-2023 19:49:47.873 信息 [main] org.apache.catalina.core.AprLifecycleListener.lifecycleEvent APR功能：IPv6[true]、sendfile[true]、accept filters[false]、random[true]、UDS [true]。
23-May-2023 19:49:47.875 信息 [main] org.apache.catalina.core.AprLifecycleListener.lifecycleEvent APR/OpenSSL配置：useAprConnector[false]，useOpenSSL[true]
23-May-2023 19:49:47.880 信息 [main] org.apache.catalina.core.AprLifecycleListener.initializeSSL OpenSSL成功初始化 [OpenSSL 1.1.1t  7 Feb 2023]
23-May-2023 19:49:48.247 信息 [main] org.apache.coyote.AbstractProtocol.init 初始化协议处理器 ["http-nio-8888"]
23-May-2023 19:49:48.270 信息 [main] org.apache.catalina.startup.Catalina.load 服务器在[643]毫秒内初始化
23-May-2023 19:49:48.304 信息 [main] org.apache.catalina.core.StandardService.startInternal 正在启动服务[Catalina]
23-May-2023 19:49:48.305 信息 [main] org.apache.catalina.core.StandardEngine.startInternal 正在启动 Servlet 引擎：[Apache Tomcat/9.0.73]
23-May-2023 19:49:48.318 信息 [main] org.apache.catalina.startup.HostConfig.deployDirectory 把web 应用程序部署到目录 [C:\Users\80793\Desktop\mvc\springmvcResp\FileUploadServer\webapps\docs]
23-May-2023 19:49:48.753 警告 [main] org.apache.catalina.util.SessionIdGeneratorBase.createSecureRandom 使用[SHA1PRNG]创建会话ID生成的SecureRandom实例花费了[163]毫秒。
23-May-2023 19:49:48.787 信息 [main] org.apache.catalina.startup.HostConfig.deployDirectory Web应用程序目录[C:\Users\80793\Desktop\mvc\springmvcResp\FileUploadServer\webapps\docs]的部署已在[469]毫秒内完成
23-May-2023 19:49:48.789 信息 [main] org.apache.catalina.startup.HostConfig.deployDirectory 把web 应用程序部署到目录 [C:\Users\80793\Desktop\mvc\springmvcResp\FileUploadServer\webapps\examples]
23-May-2023 19:49:49.240 信息 [main] org.apache.catalina.startup.HostConfig.deployDirectory Web应用程序目录[C:\Users\80793\Desktop\mvc\springmvcResp\FileUploadServer\webapps\examples]的部署已在[452]毫秒内完成
23-May-2023 19:49:49.254 信息 [main] org.apache.catalina.startup.HostConfig.deployDirectory 把web 应用程序部署到目录 [C:\Users\80793\Desktop\mvc\springmvcResp\FileUploadServer\webapps\host-manager]
23-May-2023 19:49:49.308 信息 [main] org.apache.catalina.startup.HostConfig.deployDirectory Web应用程序目录[C:\Users\80793\Desktop\mvc\springmvcResp\FileUploadServer\webapps\host-manager]的部署已在[53]毫秒内完成
23-May-2023 19:49:49.316 信息 [main] org.apache.catalina.startup.HostConfig.deployDirectory 把web 应用程序部署到目录 [C:\Users\80793\Desktop\mvc\springmvcResp\FileUploadServer\webapps\manager]
23-May-2023 19:49:49.357 信息 [main] org.apache.catalina.startup.HostConfig.deployDirectory Web应用程序目录[C:\Users\80793\Desktop\mvc\springmvcResp\FileUploadServer\webapps\manager]的部署已在[40]毫秒内完成
23-May-2023 19:49:49.370 信息 [main] org.apache.catalina.startup.HostConfig.deployDirectory 把web 应用程序部署到目录 [C:\Users\80793\Desktop\mvc\springmvcResp\FileUploadServer\webapps\ROOT]
23-May-2023 19:49:49.397 信息 [main] org.apache.catalina.startup.HostConfig.deployDirectory Web应用程序目录[C:\Users\80793\Desktop\mvc\springmvcResp\FileUploadServer\webapps\ROOT]的部署已在[27]毫秒内完成
23-May-2023 19:49:49.405 信息 [main] org.apache.catalina.startup.HostConfig.deployDirectory 把web 应用程序部署到目录 [C:\Users\80793\Desktop\mvc\springmvcResp\FileUploadServer\webapps\upload]
23-May-2023 19:49:49.429 信息 [main] org.apache.catalina.startup.HostConfig.deployDirectory Web应用程序目录[C:\Users\80793\Desktop\mvc\springmvcResp\FileUploadServer\webapps\upload]的部署已在[24]毫秒内完成
23-May-2023 19:49:49.434 信息 [main] org.apache.coyote.AbstractProtocol.start 开始协议处理句柄["http-nio-8888"]
23-May-2023 19:49:49.450 信息 [main] org.apache.catalina.startup.Catalina.start [1180]毫秒后服务器启动
