25-May-2023 08:50:32.427 信息 [main] org.apache.catalina.startup.VersionLoggerListener.log Server.服务器版本: Apache Tomcat/9.0.73
25-May-2023 08:50:32.437 信息 [main] org.apache.catalina.startup.VersionLoggerListener.log 服务器构建:        Feb 27 2023 15:33:40 UTC
25-May-2023 08:50:32.438 信息 [main] org.apache.catalina.startup.VersionLoggerListener.log 服务器版本号:      9.0.73.0
25-May-2023 08:50:32.439 信息 [main] org.apache.catalina.startup.VersionLoggerListener.log 操作系统名称:      Windows 10
25-May-2023 08:50:32.439 信息 [main] org.apache.catalina.startup.VersionLoggerListener.log OS.版本:           10.0
25-May-2023 08:50:32.439 信息 [main] org.apache.catalina.startup.VersionLoggerListener.log 架构:              amd64
25-May-2023 08:50:32.439 信息 [main] org.apache.catalina.startup.VersionLoggerListener.log Java 环境变量:     C:\Program Files\Java\jre1.8.0_333
25-May-2023 08:50:32.440 信息 [main] org.apache.catalina.startup.VersionLoggerListener.log Java虚拟机版本:    1.8.0_333-b02
25-May-2023 08:50:32.440 信息 [main] org.apache.catalina.startup.VersionLoggerListener.log JVM.供应商:        Oracle Corporation
25-May-2023 08:50:32.440 信息 [main] org.apache.catalina.startup.VersionLoggerListener.log CATALINA_BASE:     C:\Users\80793\Desktop\mvc\springmvcResp\FileUploadServer
25-May-2023 08:50:32.441 信息 [main] org.apache.catalina.startup.VersionLoggerListener.log CATALINA_HOME:     C:\Users\80793\Desktop\mvc\springmvcResp\FileUploadServer
25-May-2023 08:50:32.444 信息 [main] org.apache.catalina.startup.VersionLoggerListener.log 命令行参数：       -Djava.util.logging.config.file=C:\Users\80793\Desktop\mvc\springmvcResp\FileUploadServer\conf\logging.properties
25-May-2023 08:50:32.444 信息 [main] org.apache.catalina.startup.VersionLoggerListener.log 命令行参数：       -Djava.util.logging.manager=org.apache.juli.ClassLoaderLogManager
25-May-2023 08:50:32.445 信息 [main] org.apache.catalina.startup.VersionLoggerListener.log 命令行参数：       -Djdk.tls.ephemeralDHKeySize=2048
25-May-2023 08:50:32.445 信息 [main] org.apache.catalina.startup.VersionLoggerListener.log 命令行参数：       -Djava.protocol.handler.pkgs=org.apache.catalina.webresources
25-May-2023 08:50:32.445 信息 [main] org.apache.catalina.startup.VersionLoggerListener.log 命令行参数：       -Dignore.endorsed.dirs=
25-May-2023 08:50:32.446 信息 [main] org.apache.catalina.startup.VersionLoggerListener.log 命令行参数：       -Dcatalina.base=C:\Users\80793\Desktop\mvc\springmvcResp\FileUploadServer
25-May-2023 08:50:32.447 信息 [main] org.apache.catalina.startup.VersionLoggerListener.log 命令行参数：       -Dcatalina.home=C:\Users\80793\Desktop\mvc\springmvcResp\FileUploadServer
25-May-2023 08:50:32.447 信息 [main] org.apache.catalina.startup.VersionLoggerListener.log 命令行参数：       -Djava.io.tmpdir=C:\Users\80793\Desktop\mvc\springmvcResp\FileUploadServer\temp
25-May-2023 08:50:32.451 信息 [main] org.apache.catalina.core.AprLifecycleListener.lifecycleEvent 使用APR版本[1.7.2]加载了基于APR的Apache Tomcat本机库[1.2.36]。
25-May-2023 08:50:32.452 信息 [main] org.apache.catalina.core.AprLifecycleListener.lifecycleEvent APR功能：IPv6[true]、sendfile[true]、accept filters[false]、random[true]、UDS [true]。
25-May-2023 08:50:32.454 信息 [main] org.apache.catalina.core.AprLifecycleListener.lifecycleEvent APR/OpenSSL配置：useAprConnector[false]，useOpenSSL[true]
25-May-2023 08:50:32.460 信息 [main] org.apache.catalina.core.AprLifecycleListener.initializeSSL OpenSSL成功初始化 [OpenSSL 1.1.1t  7 Feb 2023]
25-May-2023 08:50:32.838 信息 [main] org.apache.coyote.AbstractProtocol.init 初始化协议处理器 ["http-nio-8888"]
25-May-2023 08:50:32.871 信息 [main] org.apache.catalina.startup.Catalina.load 服务器在[639]毫秒内初始化
25-May-2023 08:50:32.923 信息 [main] org.apache.catalina.core.StandardService.startInternal 正在启动服务[Catalina]
25-May-2023 08:50:32.924 信息 [main] org.apache.catalina.core.StandardEngine.startInternal 正在启动 Servlet 引擎：[Apache Tomcat/9.0.73]
25-May-2023 08:50:32.938 信息 [main] org.apache.catalina.startup.HostConfig.deployDirectory 把web 应用程序部署到目录 [C:\Users\80793\Desktop\mvc\springmvcResp\FileUploadServer\webapps\docs]
25-May-2023 08:50:33.434 警告 [main] org.apache.catalina.util.SessionIdGeneratorBase.createSecureRandom 使用[SHA1PRNG]创建会话ID生成的SecureRandom实例花费了[172]毫秒。
25-May-2023 08:50:33.468 信息 [main] org.apache.catalina.startup.HostConfig.deployDirectory Web应用程序目录[C:\Users\80793\Desktop\mvc\springmvcResp\FileUploadServer\webapps\docs]的部署已在[530]毫秒内完成
25-May-2023 08:50:33.469 信息 [main] org.apache.catalina.startup.HostConfig.deployDirectory 把web 应用程序部署到目录 [C:\Users\80793\Desktop\mvc\springmvcResp\FileUploadServer\webapps\examples]
25-May-2023 08:50:33.881 信息 [main] org.apache.catalina.startup.HostConfig.deployDirectory Web应用程序目录[C:\Users\80793\Desktop\mvc\springmvcResp\FileUploadServer\webapps\examples]的部署已在[412]毫秒内完成
25-May-2023 08:50:33.889 信息 [main] org.apache.catalina.startup.HostConfig.deployDirectory 把web 应用程序部署到目录 [C:\Users\80793\Desktop\mvc\springmvcResp\FileUploadServer\webapps\host-manager]
25-May-2023 08:50:33.923 信息 [main] org.apache.catalina.startup.HostConfig.deployDirectory Web应用程序目录[C:\Users\80793\Desktop\mvc\springmvcResp\FileUploadServer\webapps\host-manager]的部署已在[34]毫秒内完成
25-May-2023 08:50:33.931 信息 [main] org.apache.catalina.startup.HostConfig.deployDirectory 把web 应用程序部署到目录 [C:\Users\80793\Desktop\mvc\springmvcResp\FileUploadServer\webapps\manager]
25-May-2023 08:50:33.960 信息 [main] org.apache.catalina.startup.HostConfig.deployDirectory Web应用程序目录[C:\Users\80793\Desktop\mvc\springmvcResp\FileUploadServer\webapps\manager]的部署已在[30]毫秒内完成
25-May-2023 08:50:33.961 信息 [main] org.apache.catalina.startup.HostConfig.deployDirectory 把web 应用程序部署到目录 [C:\Users\80793\Desktop\mvc\springmvcResp\FileUploadServer\webapps\ROOT]
25-May-2023 08:50:33.983 信息 [main] org.apache.catalina.startup.HostConfig.deployDirectory Web应用程序目录[C:\Users\80793\Desktop\mvc\springmvcResp\FileUploadServer\webapps\ROOT]的部署已在[22]毫秒内完成
25-May-2023 08:50:33.984 信息 [main] org.apache.catalina.startup.HostConfig.deployDirectory 把web 应用程序部署到目录 [C:\Users\80793\Desktop\mvc\springmvcResp\FileUploadServer\webapps\upload]
25-May-2023 08:50:34.015 信息 [main] org.apache.catalina.startup.HostConfig.deployDirectory Web应用程序目录[C:\Users\80793\Desktop\mvc\springmvcResp\FileUploadServer\webapps\upload]的部署已在[31]毫秒内完成
25-May-2023 08:50:34.027 信息 [main] org.apache.coyote.AbstractProtocol.start 开始协议处理句柄["http-nio-8888"]
25-May-2023 08:50:34.046 信息 [main] org.apache.catalina.startup.Catalina.start [1172]毫秒后服务器启动
25-May-2023 08:51:06.774 信息 [main] org.apache.catalina.startup.VersionLoggerListener.log Server.服务器版本: Apache Tomcat/9.0.73
25-May-2023 08:51:06.779 信息 [main] org.apache.catalina.startup.VersionLoggerListener.log 服务器构建:        Feb 27 2023 15:33:40 UTC
25-May-2023 08:51:06.780 信息 [main] org.apache.catalina.startup.VersionLoggerListener.log 服务器版本号:      9.0.73.0
25-May-2023 08:51:06.780 信息 [main] org.apache.catalina.startup.VersionLoggerListener.log 操作系统名称:      Windows 10
25-May-2023 08:51:06.780 信息 [main] org.apache.catalina.startup.VersionLoggerListener.log OS.版本:           10.0
25-May-2023 08:51:06.780 信息 [main] org.apache.catalina.startup.VersionLoggerListener.log 架构:              amd64
25-May-2023 08:51:06.780 信息 [main] org.apache.catalina.startup.VersionLoggerListener.log Java 环境变量:     C:\Program Files\Java\jre1.8.0_333
25-May-2023 08:51:06.781 信息 [main] org.apache.catalina.startup.VersionLoggerListener.log Java虚拟机版本:    1.8.0_333-b02
25-May-2023 08:51:06.781 信息 [main] org.apache.catalina.startup.VersionLoggerListener.log JVM.供应商:        Oracle Corporation
25-May-2023 08:51:06.781 信息 [main] org.apache.catalina.startup.VersionLoggerListener.log CATALINA_BASE:     C:\Users\80793\Desktop\mvc\springmvcResp\FileUploadServer
25-May-2023 08:51:06.781 信息 [main] org.apache.catalina.startup.VersionLoggerListener.log CATALINA_HOME:     C:\Users\80793\Desktop\mvc\springmvcResp\FileUploadServer
25-May-2023 08:51:06.782 信息 [main] org.apache.catalina.startup.VersionLoggerListener.log 命令行参数：       -Djava.util.logging.config.file=C:\Users\80793\Desktop\mvc\springmvcResp\FileUploadServer\conf\logging.properties
25-May-2023 08:51:06.782 信息 [main] org.apache.catalina.startup.VersionLoggerListener.log 命令行参数：       -Djava.util.logging.manager=org.apache.juli.ClassLoaderLogManager
25-May-2023 08:51:06.782 信息 [main] org.apache.catalina.startup.VersionLoggerListener.log 命令行参数：       -Djdk.tls.ephemeralDHKeySize=2048
25-May-2023 08:51:06.782 信息 [main] org.apache.catalina.startup.VersionLoggerListener.log 命令行参数：       -Djava.protocol.handler.pkgs=org.apache.catalina.webresources
25-May-2023 08:51:06.786 信息 [main] org.apache.catalina.startup.VersionLoggerListener.log 命令行参数：       -Dignore.endorsed.dirs=
25-May-2023 08:51:06.787 信息 [main] org.apache.catalina.startup.VersionLoggerListener.log 命令行参数：       -Dcatalina.base=C:\Users\80793\Desktop\mvc\springmvcResp\FileUploadServer
25-May-2023 08:51:06.787 信息 [main] org.apache.catalina.startup.VersionLoggerListener.log 命令行参数：       -Dcatalina.home=C:\Users\80793\Desktop\mvc\springmvcResp\FileUploadServer
25-May-2023 08:51:06.788 信息 [main] org.apache.catalina.startup.VersionLoggerListener.log 命令行参数：       -Djava.io.tmpdir=C:\Users\80793\Desktop\mvc\springmvcResp\FileUploadServer\temp
25-May-2023 08:51:06.792 信息 [main] org.apache.catalina.core.AprLifecycleListener.lifecycleEvent 使用APR版本[1.7.2]加载了基于APR的Apache Tomcat本机库[1.2.36]。
25-May-2023 08:51:06.792 信息 [main] org.apache.catalina.core.AprLifecycleListener.lifecycleEvent APR功能：IPv6[true]、sendfile[true]、accept filters[false]、random[true]、UDS [true]。
25-May-2023 08:51:06.794 信息 [main] org.apache.catalina.core.AprLifecycleListener.lifecycleEvent APR/OpenSSL配置：useAprConnector[false]，useOpenSSL[true]
25-May-2023 08:51:06.800 信息 [main] org.apache.catalina.core.AprLifecycleListener.initializeSSL OpenSSL成功初始化 [OpenSSL 1.1.1t  7 Feb 2023]
25-May-2023 08:51:07.119 信息 [main] org.apache.coyote.AbstractProtocol.init 初始化协议处理器 ["http-nio-8888"]
25-May-2023 08:51:07.142 信息 [main] org.apache.catalina.startup.Catalina.load 服务器在[575]毫秒内初始化
25-May-2023 08:51:07.181 信息 [main] org.apache.catalina.core.StandardService.startInternal 正在启动服务[Catalina]
25-May-2023 08:51:07.183 信息 [main] org.apache.catalina.core.StandardEngine.startInternal 正在启动 Servlet 引擎：[Apache Tomcat/9.0.73]
25-May-2023 08:51:07.194 信息 [main] org.apache.catalina.startup.HostConfig.deployDirectory 把web 应用程序部署到目录 [C:\Users\80793\Desktop\mvc\springmvcResp\FileUploadServer\webapps\docs]
25-May-2023 08:51:07.593 警告 [main] org.apache.catalina.util.SessionIdGeneratorBase.createSecureRandom 使用[SHA1PRNG]创建会话ID生成的SecureRandom实例花费了[171]毫秒。
25-May-2023 08:51:07.622 信息 [main] org.apache.catalina.startup.HostConfig.deployDirectory Web应用程序目录[C:\Users\80793\Desktop\mvc\springmvcResp\FileUploadServer\webapps\docs]的部署已在[427]毫秒内完成
25-May-2023 08:51:07.623 信息 [main] org.apache.catalina.startup.HostConfig.deployDirectory 把web 应用程序部署到目录 [C:\Users\80793\Desktop\mvc\springmvcResp\FileUploadServer\webapps\examples]
25-May-2023 08:51:08.116 信息 [main] org.apache.catalina.startup.HostConfig.deployDirectory Web应用程序目录[C:\Users\80793\Desktop\mvc\springmvcResp\FileUploadServer\webapps\examples]的部署已在[494]毫秒内完成
25-May-2023 08:51:08.125 信息 [main] org.apache.catalina.startup.HostConfig.deployDirectory 把web 应用程序部署到目录 [C:\Users\80793\Desktop\mvc\springmvcResp\FileUploadServer\webapps\host-manager]
25-May-2023 08:51:08.157 信息 [main] org.apache.catalina.startup.HostConfig.deployDirectory Web应用程序目录[C:\Users\80793\Desktop\mvc\springmvcResp\FileUploadServer\webapps\host-manager]的部署已在[32]毫秒内完成
25-May-2023 08:51:08.164 信息 [main] org.apache.catalina.startup.HostConfig.deployDirectory 把web 应用程序部署到目录 [C:\Users\80793\Desktop\mvc\springmvcResp\FileUploadServer\webapps\manager]
25-May-2023 08:51:08.191 信息 [main] org.apache.catalina.startup.HostConfig.deployDirectory Web应用程序目录[C:\Users\80793\Desktop\mvc\springmvcResp\FileUploadServer\webapps\manager]的部署已在[27]毫秒内完成
25-May-2023 08:51:08.192 信息 [main] org.apache.catalina.startup.HostConfig.deployDirectory 把web 应用程序部署到目录 [C:\Users\80793\Desktop\mvc\springmvcResp\FileUploadServer\webapps\ROOT]
25-May-2023 08:51:08.216 信息 [main] org.apache.catalina.startup.HostConfig.deployDirectory Web应用程序目录[C:\Users\80793\Desktop\mvc\springmvcResp\FileUploadServer\webapps\ROOT]的部署已在[25]毫秒内完成
25-May-2023 08:51:08.224 信息 [main] org.apache.catalina.startup.HostConfig.deployDirectory 把web 应用程序部署到目录 [C:\Users\80793\Desktop\mvc\springmvcResp\FileUploadServer\webapps\upload]
25-May-2023 08:51:08.249 信息 [main] org.apache.catalina.startup.HostConfig.deployDirectory Web应用程序目录[C:\Users\80793\Desktop\mvc\springmvcResp\FileUploadServer\webapps\upload]的部署已在[26]毫秒内完成
25-May-2023 08:51:08.253 信息 [main] org.apache.coyote.AbstractProtocol.start 开始协议处理句柄["http-nio-8888"]
25-May-2023 08:51:08.267 信息 [main] org.apache.catalina.startup.Catalina.start [1125]毫秒后服务器启动
