27-May-2023 21:19:02.572 信息 [main] org.apache.catalina.startup.VersionLoggerListener.log Server.服务器版本: Apache Tomcat/9.0.73
27-May-2023 21:19:02.584 信息 [main] org.apache.catalina.startup.VersionLoggerListener.log 服务器构建:        Feb 27 2023 15:33:40 UTC
27-May-2023 21:19:02.585 信息 [main] org.apache.catalina.startup.VersionLoggerListener.log 服务器版本号:      9.0.73.0
27-May-2023 21:19:02.585 信息 [main] org.apache.catalina.startup.VersionLoggerListener.log 操作系统名称:      Windows 10
27-May-2023 21:19:02.586 信息 [main] org.apache.catalina.startup.VersionLoggerListener.log OS.版本:           10.0
27-May-2023 21:19:02.586 信息 [main] org.apache.catalina.startup.VersionLoggerListener.log 架构:              amd64
27-May-2023 21:19:02.586 信息 [main] org.apache.catalina.startup.VersionLoggerListener.log Java 环境变量:     C:\Program Files\Java\jre1.8.0_333
27-May-2023 21:19:02.587 信息 [main] org.apache.catalina.startup.VersionLoggerListener.log Java虚拟机版本:    1.8.0_333-b02
27-May-2023 21:19:02.587 信息 [main] org.apache.catalina.startup.VersionLoggerListener.log JVM.供应商:        Oracle Corporation
27-May-2023 21:19:02.587 信息 [main] org.apache.catalina.startup.VersionLoggerListener.log CATALINA_BASE:     C:\Users\80793\Desktop\mvc\springmvcResp\FileUploadServer
27-May-2023 21:19:02.587 信息 [main] org.apache.catalina.startup.VersionLoggerListener.log CATALINA_HOME:     C:\Users\80793\Desktop\mvc\springmvcResp\FileUploadServer
27-May-2023 21:19:02.588 信息 [main] org.apache.catalina.startup.VersionLoggerListener.log 命令行参数：       -Djava.util.logging.config.file=C:\Users\80793\Desktop\mvc\springmvcResp\FileUploadServer\conf\logging.properties
27-May-2023 21:19:02.588 信息 [main] org.apache.catalina.startup.VersionLoggerListener.log 命令行参数：       -Djava.util.logging.manager=org.apache.juli.ClassLoaderLogManager
27-May-2023 21:19:02.588 信息 [main] org.apache.catalina.startup.VersionLoggerListener.log 命令行参数：       -Djdk.tls.ephemeralDHKeySize=2048
27-May-2023 21:19:02.588 信息 [main] org.apache.catalina.startup.VersionLoggerListener.log 命令行参数：       -Djava.protocol.handler.pkgs=org.apache.catalina.webresources
27-May-2023 21:19:02.592 信息 [main] org.apache.catalina.startup.VersionLoggerListener.log 命令行参数：       -Dignore.endorsed.dirs=
27-May-2023 21:19:02.592 信息 [main] org.apache.catalina.startup.VersionLoggerListener.log 命令行参数：       -Dcatalina.base=C:\Users\80793\Desktop\mvc\springmvcResp\FileUploadServer
27-May-2023 21:19:02.594 信息 [main] org.apache.catalina.startup.VersionLoggerListener.log 命令行参数：       -Dcatalina.home=C:\Users\80793\Desktop\mvc\springmvcResp\FileUploadServer
27-May-2023 21:19:02.615 信息 [main] org.apache.catalina.startup.VersionLoggerListener.log 命令行参数：       -Djava.io.tmpdir=C:\Users\80793\Desktop\mvc\springmvcResp\FileUploadServer\temp
27-May-2023 21:19:02.619 信息 [main] org.apache.catalina.core.AprLifecycleListener.lifecycleEvent 使用APR版本[1.7.2]加载了基于APR的Apache Tomcat本机库[1.2.36]。
27-May-2023 21:19:02.620 信息 [main] org.apache.catalina.core.AprLifecycleListener.lifecycleEvent APR功能：IPv6[true]、sendfile[true]、accept filters[false]、random[true]、UDS [true]。
27-May-2023 21:19:02.622 信息 [main] org.apache.catalina.core.AprLifecycleListener.lifecycleEvent APR/OpenSSL配置：useAprConnector[false]，useOpenSSL[true]
27-May-2023 21:19:02.629 信息 [main] org.apache.catalina.core.AprLifecycleListener.initializeSSL OpenSSL成功初始化 [OpenSSL 1.1.1t  7 Feb 2023]
27-May-2023 21:19:03.022 信息 [main] org.apache.coyote.AbstractProtocol.init 初始化协议处理器 ["http-nio-8888"]
27-May-2023 21:19:03.049 信息 [main] org.apache.catalina.startup.Catalina.load 服务器在[701]毫秒内初始化
27-May-2023 21:19:03.091 信息 [main] org.apache.catalina.core.StandardService.startInternal 正在启动服务[Catalina]
27-May-2023 21:19:03.091 信息 [main] org.apache.catalina.core.StandardEngine.startInternal 正在启动 Servlet 引擎：[Apache Tomcat/9.0.73]
27-May-2023 21:19:03.106 信息 [main] org.apache.catalina.startup.HostConfig.deployDirectory 把web 应用程序部署到目录 [C:\Users\80793\Desktop\mvc\springmvcResp\FileUploadServer\webapps\docs]
27-May-2023 21:19:03.558 警告 [main] org.apache.catalina.util.SessionIdGeneratorBase.createSecureRandom 使用[SHA1PRNG]创建会话ID生成的SecureRandom实例花费了[178]毫秒。
27-May-2023 21:19:03.598 信息 [main] org.apache.catalina.startup.HostConfig.deployDirectory Web应用程序目录[C:\Users\80793\Desktop\mvc\springmvcResp\FileUploadServer\webapps\docs]的部署已在[492]毫秒内完成
27-May-2023 21:19:03.611 信息 [main] org.apache.catalina.startup.HostConfig.deployDirectory 把web 应用程序部署到目录 [C:\Users\80793\Desktop\mvc\springmvcResp\FileUploadServer\webapps\examples]
27-May-2023 21:19:03.990 信息 [main] org.apache.catalina.startup.HostConfig.deployDirectory Web应用程序目录[C:\Users\80793\Desktop\mvc\springmvcResp\FileUploadServer\webapps\examples]的部署已在[379]毫秒内完成
27-May-2023 21:19:04.000 信息 [main] org.apache.catalina.startup.HostConfig.deployDirectory 把web 应用程序部署到目录 [C:\Users\80793\Desktop\mvc\springmvcResp\FileUploadServer\webapps\host-manager]
27-May-2023 21:19:04.048 信息 [main] org.apache.catalina.startup.HostConfig.deployDirectory Web应用程序目录[C:\Users\80793\Desktop\mvc\springmvcResp\FileUploadServer\webapps\host-manager]的部署已在[48]毫秒内完成
27-May-2023 21:19:04.058 信息 [main] org.apache.catalina.startup.HostConfig.deployDirectory 把web 应用程序部署到目录 [C:\Users\80793\Desktop\mvc\springmvcResp\FileUploadServer\webapps\manager]
27-May-2023 21:19:04.110 信息 [main] org.apache.catalina.startup.HostConfig.deployDirectory Web应用程序目录[C:\Users\80793\Desktop\mvc\springmvcResp\FileUploadServer\webapps\manager]的部署已在[51]毫秒内完成
27-May-2023 21:19:04.118 信息 [main] org.apache.catalina.startup.HostConfig.deployDirectory 把web 应用程序部署到目录 [C:\Users\80793\Desktop\mvc\springmvcResp\FileUploadServer\webapps\ROOT]
27-May-2023 21:19:04.147 信息 [main] org.apache.catalina.startup.HostConfig.deployDirectory Web应用程序目录[C:\Users\80793\Desktop\mvc\springmvcResp\FileUploadServer\webapps\ROOT]的部署已在[29]毫秒内完成
27-May-2023 21:19:04.148 信息 [main] org.apache.catalina.startup.HostConfig.deployDirectory 把web 应用程序部署到目录 [C:\Users\80793\Desktop\mvc\springmvcResp\FileUploadServer\webapps\upload]
27-May-2023 21:19:04.176 信息 [main] org.apache.catalina.startup.HostConfig.deployDirectory Web应用程序目录[C:\Users\80793\Desktop\mvc\springmvcResp\FileUploadServer\webapps\upload]的部署已在[28]毫秒内完成
27-May-2023 21:19:04.186 信息 [main] org.apache.coyote.AbstractProtocol.start 开始协议处理句柄["http-nio-8888"]
27-May-2023 21:19:04.205 信息 [main] org.apache.catalina.startup.Catalina.start [1155]毫秒后服务器启动
